<?xml version="1.0" encoding="UTF-8"?>
<!-- Generated by org.testng.reporters.JUnitReportReporter -->
<testsuite skipped="0" hostname="PDCDT01HJJYVQ1" name="com.amazon.AddToCartAndWL.AddToCartAndWL" tests="2" failures="0" timestamp="2020-02-07T17:24:15 IST" time="98.813" errors="0">
  <testcase name="Login" time="18.442" classname="com.amazon.AddToCartAndWL.AddToCartAndWL"/>
  <testcase name="searchbyTextWLtest" time="80.371" classname="com.amazon.AddToCartAndWL.AddToCartAndWL"/>
</testsuite> <!-- com.amazon.AddToCartAndWL.AddToCartAndWL -->
